2026-06-26 14:15:14,979 - masks - DEBUG - Выполняем маскировку номера карты
2026-06-26 14:15:14,979 - masks - INFO - Номер карты замаскирован
2026-06-26 14:15:14,981 - masks - DEBUG - Выполняем маскировку номера карты
2026-06-26 14:15:14,981 - masks - INFO - Номер карты замаскирован
2026-06-26 14:15:14,982 - masks - DEBUG - Выполняем маскировку номера карты
2026-06-26 14:15:14,982 - masks - ERROR - Неверное количество символов 0
2026-06-26 14:15:14,983 - masks - DEBUG - Выполняем маскировку номера карты
2026-06-26 14:15:14,983 - masks - ERROR - Некорректный номер карты
2026-06-26 14:15:14,984 - masks - DEBUG - Выполняем маскировку номера карты
2026-06-26 14:15:14,984 - masks - ERROR - Некорректный номер карты
2026-06-26 14:15:14,986 - masks - DEBUG - Выполняем маскировку номера карты
2026-06-26 14:15:14,986 - masks - ERROR - Неверное количество символов 8
2026-06-26 14:15:14,987 - masks - INFO - Успешно
2026-06-26 14:15:14,988 - masks - INFO - Успешно
2026-06-26 14:15:14,990 - masks - ERROR - Неверное количество символов 0
2026-06-26 14:15:14,991 - masks - INFO - Успешно
2026-06-26 14:15:14,992 - masks - INFO - Успешно
2026-06-26 14:15:14,994 - masks - INFO - Успешно
2026-06-26 14:15:15,018 - masks - INFO - Успешно
2026-06-26 14:15:15,019 - masks - DEBUG - Выполняем маскировку номера карты
2026-06-26 14:15:15,020 - masks - INFO - Номер карты замаскирован
2026-06-26 14:15:15,022 - masks - INFO - Успешно
